2018-06-25 13:14:04.547 [restartedMain] INFO  com.api.ApiApplication - Starting ApiApplication on m with PID 1055 (/Users/mateus/Documents/Functional-Programming/fish-admin/api/build/classes/java/main started by mateus in /Users/mateus/Documents/Functional-Programming/fish-admin/api)
2018-06-25 13:14:04.552 [restartedMain] INFO  com.api.ApiApplication - No active profile set, falling back to default profiles: default
2018-06-25 13:14:04.693 [restartedMain] INFO  o.s.b.w.s.c.AnnotationConfigServletWebServerApplicationContext - Refreshing org.springframework.boot.web.servlet.context.AnnotationConfigServletWebServerApplicationContext@d0b6a04: startup date [Mon Jun 25 13:14:04 BRT 2018]; root of context hierarchy
2018-06-25 13:14:05.564 [background-preinit] INFO  org.hibernate.validator.internal.util.Version - HV000001: Hibernate Validator 6.0.2.Final
2018-06-25 13:14:09.515 [restartedMain] INFO  o.s.boot.web.embedded.tomcat.TomcatWebServer - Tomcat initialized with port(s): 8880 (http)
2018-06-25 13:14:09.540 [restartedMain] INFO  org.apache.catalina.core.StandardService - Starting service [Tomcat]
2018-06-25 13:14:09.543 [restartedMain] INFO  org.apache.catalina.core.StandardEngine - Starting Servlet Engine: Apache Tomcat/8.5.23
2018-06-25 13:14:09.713 [localhost-startStop-1] INFO  o.a.c.c.ContainerBase.[Tomcat].[localhost].[/fish] - Initializing Spring embedded WebApplicationContext
2018-06-25 13:14:09.714 [localhost-startStop-1] INFO  org.springframework.web.context.ContextLoader - Root WebApplicationContext: initialization completed in 5021 ms
2018-06-25 13:14:10.295 [localhost-startStop-1] INFO  o.s.boot.web.servlet.FilterRegistrationBean - Mapping filter: 'CORSFilter' to: [/*]
2018-06-25 13:14:10.296 [localhost-startStop-1] INFO  o.s.boot.web.servlet.FilterRegistrationBean - Mapping filter: 'characterEncodingFilter' to: [/*]
2018-06-25 13:14:10.298 [localhost-startStop-1] INFO  o.s.boot.web.servlet.FilterRegistrationBean - Mapping filter: 'hiddenHttpMethodFilter' to: [/*]
2018-06-25 13:14:10.299 [localhost-startStop-1] INFO  o.s.boot.web.servlet.FilterRegistrationBean - Mapping filter: 'httpPutFormContentFilter' to: [/*]
2018-06-25 13:14:10.300 [localhost-startStop-1] INFO  o.s.boot.web.servlet.FilterRegistrationBean - Mapping filter: 'requestContextFilter' to: [/*]
2018-06-25 13:14:10.301 [localhost-startStop-1] INFO  o.s.b.w.s.DelegatingFilterProxyRegistrationBean - Mapping filter: 'springSecurityFilterChain' to: [/*]
2018-06-25 13:14:10.302 [localhost-startStop-1] INFO  o.s.boot.web.servlet.ServletRegistrationBean - Mapping servlet: 'dispatcherServlet' to [/]
2018-06-25 13:14:11.723 [restartedMain] INFO  o.s.security.web.DefaultSecurityFilterChain - Creating filter chain: org.springframework.security.web.util.matcher.AnyRequestMatcher@1, [org.springframework.security.web.context.request.async.WebAsyncManagerIntegrationFilter@5bc13d3c, org.springframework.security.web.context.SecurityContextPersistenceFilter@aefe9be, org.springframework.security.web.header.HeaderWriterFilter@7834cad, org.springframework.security.web.authentication.logout.LogoutFilter@1faea811, com.api.jwt.JwtAuthenticationTokenFilter@1f855e0d, com.api.jwt.JWTAuthenticationFilter@3d178e32, org.springframework.security.web.savedrequest.RequestCacheAwareFilter@1acec4df, org.springframework.security.web.servletapi.SecurityContextHolderAwareRequestFilter@c0d5b47, org.springframework.security.web.authentication.AnonymousAuthenticationFilter@25a5a4b6, org.springframework.security.web.session.SessionManagementFilter@4480ddc6, org.springframework.security.web.access.ExceptionTranslationFilter@6ae8bf44, org.springframework.security.web.access.intercept.FilterSecurityInterceptor@43eee15a]
2018-06-25 13:14:12.495 [restartedMain] INFO  o.s.w.s.m.m.a.RequestMappingHandlerAdapter - Looking for @ControllerAdvice: org.springframework.boot.web.servlet.context.AnnotationConfigServletWebServerApplicationContext@d0b6a04: startup date [Mon Jun 25 13:14:04 BRT 2018]; root of context hierarchy
2018-06-25 13:14:12.701 [restartedMain] INFO  o.s.w.s.m.m.a.RequestMappingHandlerMapping - Mapped "{[/api/current/password],methods=[PUT]}" onto public org.springframework.http.ResponseEntity com.api.controller.CurrentController.updatePassword(java.util.Map) throws java.lang.Exception
2018-06-25 13:14:12.703 [restartedMain] INFO  o.s.w.s.m.m.a.RequestMappingHandlerMapping - Mapped "{[/api/current/user],methods=[GET]}" onto public java.util.Map com.api.controller.CurrentController.user()
2018-06-25 13:14:12.709 [restartedMain] INFO  o.s.w.s.m.m.a.RequestMappingHandlerMapping - Mapped "{[/api/files/upload],methods=[POST]}" onto public java.lang.String com.api.controller.FileUploadController.handle(org.springframework.web.multipart.MultipartFile) throws java.lang.Exception
2018-06-25 13:14:12.710 [restartedMain] INFO  o.s.w.s.m.m.a.RequestMappingHandlerMapping - Mapped "{[/api/files/{fileName:.+}],methods=[GET]}" onto public org.springframework.http.ResponseEntity<org.springframework.core.io.Resource> com.api.controller.FileUploadController.show(java.lang.String)
2018-06-25 13:14:12.711 [restartedMain] INFO  o.s.w.s.m.m.a.RequestMappingHandlerMapping - Mapped "{[/api/files/{size}/{fileName:.+}],methods=[GET]}" onto public org.springframework.http.ResponseEntity<org.springframework.core.io.Resource> com.api.controller.FileUploadController.cut(java.lang.String,java.lang.String) throws java.io.IOException
2018-06-25 13:14:12.722 [restartedMain] INFO  o.s.w.s.m.m.a.RequestMappingHandlerMapping - Mapped "{[/api/roles || /api/roles/],methods=[GET]}" onto public java.util.List com.api.controller.RolesController.index(javax.servlet.http.HttpServletRequest,javax.servlet.http.HttpServletResponse)
2018-06-25 13:14:12.723 [restartedMain] INFO  o.s.w.s.m.m.a.RequestMappingHandlerMapping - Mapped "{[/api/roles/{id}],methods=[PUT]}" onto public org.springframework.http.ResponseEntity com.api.controller.RolesController.update(java.lang.Long,com.api.model.Role) throws java.lang.Exception
2018-06-25 13:14:12.723 [restartedMain] INFO  o.s.w.s.m.m.a.RequestMappingHandlerMapping - Mapped "{[/api/roles/permissions],methods=[GET]}" onto public java.lang.Object com.api.controller.RolesController.permissions()
2018-06-25 13:14:12.724 [restartedMain] INFO  o.s.w.s.m.m.a.RequestMappingHandlerMapping - Mapped "{[/api/roles/{id}],methods=[DELETE]}" onto public org.springframework.http.ResponseEntity com.api.controller.RolesController.destroy(java.lang.Long) throws java.lang.Exception
2018-06-25 13:14:12.724 [restartedMain] INFO  o.s.w.s.m.m.a.RequestMappingHandlerMapping - Mapped "{[/api/roles || /api/roles/],methods=[POST]}" onto public org.springframework.http.ResponseEntity com.api.controller.RolesController.create(com.api.model.Role) throws java.lang.Exception
2018-06-25 13:14:12.725 [restartedMain] INFO  o.s.w.s.m.m.a.RequestMappingHandlerMapping - Mapped "{[/api/roles/{id}],methods=[GET]}" onto public com.api.model.Role com.api.controller.RolesController.show(java.lang.Long) throws java.lang.Exception
2018-06-25 13:14:12.725 [restartedMain] INFO  o.s.w.s.m.m.a.RequestMappingHandlerMapping - Mapped "{[/api/roles/all],methods=[GET]}" onto public java.util.List com.api.controller.RolesController.all()
2018-06-25 13:14:12.730 [restartedMain] INFO  o.s.w.s.m.m.a.RequestMappingHandlerMapping - Mapped "{[/api/users || /api/users/],methods=[GET]}" onto public java.util.List com.api.controller.UsersController.index(javax.servlet.http.HttpServletRequest,javax.servlet.http.HttpServletResponse)
2018-06-25 13:14:12.731 [restartedMain] INFO  o.s.w.s.m.m.a.RequestMappingHandlerMapping - Mapped "{[/api/users/{id}],methods=[PUT]}" onto public org.springframework.http.ResponseEntity com.api.controller.UsersController.update(java.lang.Long,com.api.model.User) throws java.lang.Exception
2018-06-25 13:14:12.732 [restartedMain] INFO  o.s.w.s.m.m.a.RequestMappingHandlerMapping - Mapped "{[/api/users/{id}],methods=[DELETE]}" onto public org.springframework.http.ResponseEntity com.api.controller.UsersController.destroy(java.lang.Long) throws java.lang.Exception
2018-06-25 13:14:12.733 [restartedMain] INFO  o.s.w.s.m.m.a.RequestMappingHandlerMapping - Mapped "{[/api/users || /api/users/],methods=[POST]}" onto public org.springframework.http.ResponseEntity com.api.controller.UsersController.create(com.api.model.User) throws java.lang.Exception
2018-06-25 13:14:12.734 [restartedMain] INFO  o.s.w.s.m.m.a.RequestMappingHandlerMapping - Mapped "{[/api/users/{id}],methods=[GET]}" onto public com.api.model.User com.api.controller.UsersController.show(java.lang.Long) throws java.lang.Exception
2018-06-25 13:14:12.740 [restartedMain] INFO  o.s.w.s.m.m.a.RequestMappingHandlerMapping - Mapped "{[/error]}" onto public org.springframework.http.ResponseEntity<java.util.Map<java.lang.String, java.lang.Object>> org.springframework.boot.autoconfigure.web.servlet.error.BasicErrorController.error(javax.servlet.http.HttpServletRequest)
2018-06-25 13:14:12.742 [restartedMain] INFO  o.s.w.s.m.m.a.RequestMappingHandlerMapping - Mapped "{[/error],produces=[text/html]}" onto public org.springframework.web.servlet.ModelAndView org.springframework.boot.autoconfigure.web.servlet.error.BasicErrorController.errorHtml(javax.servlet.http.HttpServletRequest,javax.servlet.http.HttpServletResponse)
2018-06-25 13:14:12.861 [restartedMain] INFO  o.s.web.servlet.handler.SimpleUrlHandlerMapping - Mapped URL path [/webjars/**] onto handler of type [class org.springframework.web.servlet.resource.ResourceHttpRequestHandler]
2018-06-25 13:14:12.862 [restartedMain] INFO  o.s.web.servlet.handler.SimpleUrlHandlerMapping - Mapped URL path [/**] onto handler of type [class org.springframework.web.servlet.resource.ResourceHttpRequestHandler]
2018-06-25 13:14:12.905 [restartedMain] INFO  o.s.w.s.m.m.a.ExceptionHandlerExceptionResolver - Detected @ExceptionHandler methods in applicationErrorHandler
2018-06-25 13:14:12.982 [restartedMain] INFO  o.s.web.servlet.handler.SimpleUrlHandlerMapping - Mapped URL path [/**/favicon.ico] onto handler of type [class org.springframework.web.servlet.resource.ResourceHttpRequestHandler]
2018-06-25 13:14:13.579 [restartedMain] INFO  o.s.b.d.autoconfigure.OptionalLiveReloadServer - LiveReload server is running on port 35729
2018-06-25 13:14:13.782 [restartedMain] INFO  o.s.jmx.export.annotation.AnnotationMBeanExporter - Registering beans for JMX exposure on startup
2018-06-25 13:14:13.786 [restartedMain] INFO  o.s.jmx.export.annotation.AnnotationMBeanExporter - Bean with name 'writeDataSource' has been autodetected for JMX exposure
2018-06-25 13:14:13.787 [restartedMain] INFO  o.s.jmx.export.annotation.AnnotationMBeanExporter - Bean with name 'readDataSource' has been autodetected for JMX exposure
2018-06-25 13:14:13.801 [restartedMain] INFO  o.s.jmx.export.annotation.AnnotationMBeanExporter - Located MBean 'writeDataSource': registering with JMX server as MBean [com.zaxxer.hikari:name=writeDataSource,type=HikariDataSource]
2018-06-25 13:14:13.805 [restartedMain] INFO  o.s.jmx.export.annotation.AnnotationMBeanExporter - Located MBean 'readDataSource': registering with JMX server as MBean [com.zaxxer.hikari:name=readDataSource,type=HikariDataSource]
2018-06-25 13:14:13.834 [restartedMain] INFO  org.apache.coyote.http11.Http11NioProtocol - Initializing ProtocolHandler ["http-nio-8880"]
2018-06-25 13:14:13.856 [restartedMain] INFO  org.apache.coyote.http11.Http11NioProtocol - Starting ProtocolHandler ["http-nio-8880"]
2018-06-25 13:14:13.879 [restartedMain] INFO  org.apache.tomcat.util.net.NioSelectorPool - Using a shared selector for servlet write/read
2018-06-25 13:14:13.914 [restartedMain] INFO  o.s.boot.web.embedded.tomcat.TomcatWebServer - Tomcat started on port(s): 8880 (http)
2018-06-25 13:14:13.930 [restartedMain] INFO  com.api.ApiApplication - Started ApiApplication in 10.487 seconds (JVM running for 11.536)
2018-06-25 13:17:39.440 [http-nio-8880-exec-1] INFO  o.a.c.c.ContainerBase.[Tomcat].[localhost].[/fish] - Initializing Spring FrameworkServlet 'dispatcherServlet'
2018-06-25 13:17:39.440 [http-nio-8880-exec-1] INFO  org.springframework.web.servlet.DispatcherServlet - FrameworkServlet 'dispatcherServlet': initialization started
2018-06-25 13:17:39.487 [http-nio-8880-exec-1] INFO  org.springframework.web.servlet.DispatcherServlet - FrameworkServlet 'dispatcherServlet': initialization completed in 46 ms
2018-06-25 13:17:39.730 [http-nio-8880-exec-1] INFO  com.api.repository.UserRepository - find.sql: select * from users where user_name = ?, args: ["admin"]
2018-06-25 13:17:39.747 [http-nio-8880-exec-1] INFO  com.zaxxer.hikari.HikariDataSource - HikariPool-1 - Starting...
2018-06-25 13:17:39.943 [http-nio-8880-exec-1] INFO  com.zaxxer.hikari.pool.PoolBase - HikariPool-1 - Driver does not support get/set network timeout for connections. (Method org.postgresql.jdbc.PgConnection.getNetworkTimeout() is not yet implemented.)
2018-06-25 13:17:39.983 [http-nio-8880-exec-1] INFO  com.zaxxer.hikari.HikariDataSource - HikariPool-1 - Start completed.
2018-06-25 13:17:40.761 [http-nio-8880-exec-3] INFO  com.api.repository.UserRepository - find.sql: select * from users where user_name = ?, args: ["admin"]
2018-06-25 13:17:40.787 [http-nio-8880-exec-3] INFO  com.api.repository.ResourceRepository - where.sql: select * from resources, args: []
2018-06-25 13:17:40.817 [http-nio-8880-exec-3] INFO  com.api.repository.MenuRepository - where.sql: select * from menus where parent_id = ?, args: [0]
2018-06-25 13:17:40.835 [http-nio-8880-exec-3] INFO  com.api.repository.MenuRepository - where.sql: select * from menus where parent_id = ?, args: [1]
